<?xml version="1.0" encoding="UTF-8"?>
<testng-results ignored="0" total="1" passed="1" failed="0" skipped="0">
  <reporter-output>
  </reporter-output>
  <suite started-at="2022-10-17T18:34:12 IST" name="Suite" finished-at="2022-10-17T18:34:52 IST" duration-ms="39649">
    <groups>
    </groups>
    <test started-at="2022-10-17T18:34:12 IST" name="Test" finished-at="2022-10-17T18:34:52 IST" duration-ms="39649">
      <class name="assignment_module9_seleniumTG.Assi3">
        <test-method signature="SDlogin()[pri:0, instance:assignment_module9_seleniumTG.Assi3@c88a337]" started-at="2022-10-17T18:34:12 IST" name="SDlogin" finished-at="2022-10-17T18:34:52 IST" duration-ms="39537" status="PASS">
          <reporter-output>
          </reporter-output>
        </test-method> <!-- SDlogin -->
      </class> <!-- assignment_module9_seleniumTG.Assi3 -->
    </test> <!-- Test -->
  </suite> <!-- Suite -->
</testng-results>
