<?xml version="1.0" encoding="UTF-8"?>
<!-- Generated by org.testng.reporters.JUnitXMLReporter -->
<testsuite ignored="0" hostname="Dhruv" failures="0" tests="3" name="Assi2" time="228.756" errors="0" timestamp="2022-10-13T17:02:47 IST">
  <testcase classname="browserChrome.Assi1" name="verifySDLogin" time="42.246"/>
  <testcase classname="browserEdge.Assi1" name="verifySDLogin" time="58.748"/>
  <testcase classname="browserFF.Assi1" name="verifySDLogin" time="127.655"/>
</testsuite> <!-- Assi2 -->
